2026-04-23 09:37:24,961 [INFO] [MainThread] [root/log.py:99]: YASB v1.9.1
2026-04-23 09:37:24,962 [INFO] [CLIPipeServer] [cli_server/cli_server.py:215]: CLI server started v1.1.6
2026-04-23 09:37:24,962 [INFO] [MainThread] [cli_server/cli_server.py:106]: Log pipe server started
2026-04-23 09:37:25,251 [INFO] [MainThread] [root/config.py:59]: Created default config file at C:\Users\wizard\.config\yasb\config.yaml
2026-04-23 09:37:25,283 [INFO] [MainThread] [root/config.py:73]: Created default stylesheet at C:\Users\wizard\.config\yasb\styles.css
2026-04-23 09:37:28,335 [INFO] [MainThread] [root/service.py:41]: AudioInputService starting...
2026-04-23 09:37:28,622 [INFO] [MainThread] [root/service.py:52]: AudioOutputService starting...
2026-04-23 09:37:30,653 [INFO] [MainThread] [root/bar_manager.py:95]: Starting KomorebiEventListener...
2026-04-23 09:37:30,654 [INFO] [MainThread] [root/bar_manager.py:95]: Starting WindowsNotificationEventListener...
2026-04-23 09:37:30,655 [INFO] [MainThread] [root/bar_manager.py:95]: Starting SystemEventListener...
2026-04-23 09:37:30,657 [INFO] [Dummy-5] [root/event_listener.py:55]: Created named pipe yasb-b8ccc282-3f32-11f1-934a-9be17bf7a5c5
2026-04-23 09:37:30,662 [INFO] [MainThread] [root/watcher.py:65]: Watching directory: c:\users\wizard\.config\yasb
2026-04-23 09:37:30,663 [INFO] [MainThread] [root/watcher.py:104]: Created file watcher
2026-04-23 09:37:30,852 [INFO] [MainThread] [root/update_service.py:429]: Background update checker started
2026-04-23 09:37:30,963 [INFO] [MainThread] [root/open_meteo.py:138]: No saved location for open_meteo. Awaiting user setup.
2026-04-23 09:40:42,895 [DEBUG] [Thread-6] [root/watcher.py:90]: Config file modified: c:\users\wizard\.config\yasb\config.yaml
2026-04-23 09:41:59,752 [DEBUG] [Thread-6] [root/watcher.py:90]: Config file modified: c:\users\wizard\.config\yasb\config.yaml
2026-04-23 09:41:59,979 [INFO] [MainThread] [root/controller.py:21]: Reloading Application because of config change.
2026-04-23 09:42:00,096 [INFO] [MainThread] [cli_server/cli_server.py:114]: Log pipe server stopped
2026-04-23 09:42:00,097 [DEBUG] [MainThread] [cli_server/cli_server.py:209]: CLI server stopped
2026-04-23 09:42:00,252 [INFO] [MainThread] [root/bar_manager.py:85]: Successfully loaded updated config and re-initialised all bars.
2026-04-23 09:42:00,934 [INFO] [MainThread] [root/bar_manager.py:111]: Stopping KomorebiEventListener...
2026-04-23 09:42:01,204 [INFO] [MainThread] [root/bar_manager.py:111]: Stopping WindowsNotificationEventListener...
2026-04-23 09:42:01,240 [INFO] [MainThread] [root/bar_manager.py:111]: Stopping SystemEventListener...
2026-04-23 09:42:02,921 [INFO] [MainThread] [root/log.py:99]: YASB v1.9.1
2026-04-23 09:42:02,928 [INFO] [CLIPipeServer] [cli_server/cli_server.py:215]: CLI server started v1.1.6
2026-04-23 09:42:02,930 [INFO] [MainThread] [cli_server/cli_server.py:106]: Log pipe server started
2026-04-23 09:42:06,207 [INFO] [MainThread] [root/service.py:41]: AudioInputService starting...
2026-04-23 09:42:06,620 [INFO] [MainThread] [root/service.py:52]: AudioOutputService starting...
2026-04-23 09:42:06,807 [INFO] [MainThread] [root/open_meteo.py:138]: No saved location for open_meteo. Awaiting user setup.
2026-04-23 09:42:06,823 [ERROR] [MainThread] [root/main.py:186]: Exception during application startup
Traceback (most recent call last):
  File "main.py", line 184, in <module>
  File "main.py", line 94, in main
  File "D:\a\yasb\yasb\venv\Lib\site-packages\qasync\__init__.py", line 438, in run_until_complete
  File "main.py", line 129, in main_async
  File "D:\a\yasb\yasb\src\core\bar_manager.py", line 154, in initialize_bars
  File "D:\a\yasb\yasb\src\core\bar_manager.py", line 228, in create_bar
AttributeError: 'str' object has no attribute 'get'
